<?xml version="1.0" encoding="UTF-8"?>
<!-- Generated by org.testng.reporters.JUnitReportReporter -->
<testsuite hostname="HYD2L000593" failures="0" tests="1" name="requests.S123" time="2.548" errors="0" timestamp="2022-12-08T13:03:00 IST" skipped="0">
  <testcase classname="requests.S123" name="verifyStatusCode" time="2.548"/>
  <system-out/>
</testsuite> <!-- requests.S123 -->
