<?xml version="1.0" encoding="UTF-8"?>
<!-- Generated by org.testng.reporters.JUnitReportReporter -->
<testsuite hostname="HYD2L000593" failures="0" tests="1" name="requests.TC_002_PostRequest" time="1.575" errors="0" timestamp="2022-12-08T13:13:19 IST" skipped="0">
  <testcase classname="requests.TC_002_PostRequest" name="postRequest" time="1.575"/>
  <system-out/>
</testsuite> <!-- requests.TC_002_PostRequest -->
