<?xml version="1.0" encoding="UTF-8"?>
<!-- Generated by org.testng.reporters.JUnitReportReporter -->
<testsuite hostname="HYD2L000593" failures="0" tests="1" name="requests.TC_003_GetRequest" time="1.176" errors="0" timestamp="2022-12-08T11:19:13 IST" skipped="0">
  <testcase classname="requests.TC_003_GetRequest" name="postRequest" time="1.176"/>
  <system-out/>
</testsuite> <!-- requests.TC_003_GetRequest -->
