<?xml version="1.0" encoding="UTF-8"?>
<!-- Generated by org.testng.reporters.JUnitReportReporter -->
<testsuite hostname="HYD2L000593" failures="0" tests="1" name="requests.TC_001_GetRequest" time="2.433" errors="0" timestamp="2022-12-07T16:29:57 IST" skipped="0">
  <testcase classname="requests.TC_001_GetRequest" name="getStudentDetails" time="2.433"/>
  <system-out/>
</testsuite> <!-- requests.TC_001_GetRequest -->
