<?xml version="1.0" encoding="UTF-8"?>
<!-- Generated by org.testng.reporters.JUnitReportReporter -->
<testsuite hostname="HYD2L000593" failures="0" tests="1" name="dataDrivenApiTest.DataDrivenTest" time="2.770" errors="0" timestamp="2022-12-08T13:06:01 IST" skipped="0">
  <testcase classname="dataDrivenApiTest.DataDrivenTest" name="postNewEmployees" time="2.770"/>
  <system-out/>
</testsuite> <!-- dataDrivenApiTest.DataDrivenTest -->
